Analysis initiated from SIMULIA established products
Abaqus JOB Composite_L10_W10_t1_Sa2_Sb4_X060_Y005
Abaqus 3DEXPERIENCE R2017x
Abaqus License Manager checked out the following licenses:
Abaqus/Standard checked out 5 tokens from Flexnet server localhost.
<1019 out of 1024 licenses remain available>.
Begin Analysis Input File Processor
4/22/2019 10:43:54 PM
Run pre.exe
4/22/2019 10:43:57 PM
End Analysis Input File Processor
Begin Abaqus/Standard Analysis
4/22/2019 10:43:58 PM
Run standard.exe
Tue 23 Apr 2019 01:46:02 AM W. Europe Summer Time: Suspension is now pending
Tue 23 Apr 2019 08:55:42 AM W. Europe Summer Time: Job is now resumed.
4/23/2019 8:56:29 AM
End Abaqus/Standard Analysis
Tue 23 Apr 2019 01:46:01 AM W. Europe Summer Time: Warning: HB Failure between the umbrella and license server
         Suspending analysis

Tue 23 Apr 2019 08:55:41 AM W. Europe Summer Time: Connection reestablished with license server
Tue 23 Apr 2019 08:55:41 AM W. Europe Summer Time: Resuming analysis
Begin MFS->SFS and SIM cleanup
4/23/2019 8:56:29 AM
Run SMASimUtility.exe
4/23/2019 8:56:29 AM
End MFS->SFS and SIM cleanup
Abaqus JOB Composite_L10_W10_t1_Sa2_Sb4_X060_Y005 COMPLETED
