Analysis initiated from SIMULIA established products
Abaqus JOB Composite_L10_W10_t1_Sa2_Sb4_X100_Y015
Abaqus 3DEXPERIENCE R2017x
Abaqus License Manager checked out the following licenses:
Abaqus/Standard checked out 5 tokens from Flexnet server localhost.
<1019 out of 1024 licenses remain available>.
Begin Analysis Input File Processor
4/23/2019 4:21:52 PM
Run pre.exe
4/23/2019 4:21:56 PM
End Analysis Input File Processor
Begin Abaqus/Standard Analysis
4/23/2019 4:21:56 PM
Run standard.exe
4/23/2019 4:25:21 PM
End Abaqus/Standard Analysis
Begin MFS->SFS and SIM cleanup
4/23/2019 4:25:22 PM
Run SMASimUtility.exe
4/23/2019 4:25:23 PM
End MFS->SFS and SIM cleanup
Abaqus JOB Composite_L10_W10_t1_Sa2_Sb4_X100_Y015 COMPLETED
