Analysis initiated from SIMULIA established products
Abaqus JOB Composite_L10_W10_t1_Sa2_Sb4_X005_Y080
Abaqus 3DEXPERIENCE R2017x
Abaqus License Manager checked out the following licenses:
Abaqus/Standard checked out 5 tokens from Flexnet server localhost.
<1019 out of 1024 licenses remain available>.
Begin Analysis Input File Processor
4/22/2019 11:19:58 AM
Run pre.exe
4/22/2019 11:20:02 AM
End Analysis Input File Processor
Begin Abaqus/Standard Analysis
4/22/2019 11:20:02 AM
Run standard.exe
4/22/2019 11:21:57 AM
End Abaqus/Standard Analysis
Begin MFS->SFS and SIM cleanup
4/22/2019 11:21:59 AM
Run SMASimUtility.exe
4/22/2019 11:21:59 AM
End MFS->SFS and SIM cleanup
Abaqus JOB Composite_L10_W10_t1_Sa2_Sb4_X005_Y080 COMPLETED
