Analysis initiated from SIMULIA established products
Abaqus JOB Composite_L10_W10_t1_Sa2_Sb4_X085_Y070
Abaqus 3DEXPERIENCE R2017x
Abaqus License Manager checked out the following licenses:
Abaqus/Standard checked out 5 tokens from Flexnet server localhost.
<1019 out of 1024 licenses remain available>.
Begin Analysis Input File Processor
4/23/2019 1:50:24 PM
Run pre.exe
4/23/2019 1:50:28 PM
End Analysis Input File Processor
Begin Abaqus/Standard Analysis
4/23/2019 1:50:28 PM
Run standard.exe
4/23/2019 1:54:19 PM
End Abaqus/Standard Analysis
Begin MFS->SFS and SIM cleanup
4/23/2019 1:54:21 PM
Run SMASimUtility.exe
4/23/2019 1:54:21 PM
End MFS->SFS and SIM cleanup
Abaqus JOB Composite_L10_W10_t1_Sa2_Sb4_X085_Y070 COMPLETED
