Analysis initiated from SIMULIA established products
Abaqus JOB Composite_L10_W10_t1_Sa2_Sb4_X080_Y085
Abaqus 3DEXPERIENCE R2017x
Abaqus License Manager checked out the following licenses:
Abaqus/Standard checked out 5 tokens from Flexnet server localhost.
<1019 out of 1024 licenses remain available>.
Begin Analysis Input File Processor
4/23/2019 12:46:22 PM
Run pre.exe
4/23/2019 12:46:26 PM
End Analysis Input File Processor
Begin Abaqus/Standard Analysis
4/23/2019 12:46:26 PM
Run standard.exe
4/23/2019 12:49:44 PM
End Abaqus/Standard Analysis
Begin MFS->SFS and SIM cleanup
4/23/2019 12:49:45 PM
Run SMASimUtility.exe
4/23/2019 12:49:45 PM
End MFS->SFS and SIM cleanup
Abaqus JOB Composite_L10_W10_t1_Sa2_Sb4_X080_Y085 COMPLETED
